[INFO  - 2016-08-12T07:01:16.818Z] GhostDriver - Main - running on port 40883
[INFO  - 2016-08-12T07:01:17.652Z] Session [90f1d5f0-605a-11e6-83f6-bb0055fa94be] - page.settings - {"XSSAuditingEnabled":false,"javascriptCanCloseWindows":true,"javascriptCanOpenWindows":true,"javascriptEnabled":true,"loadImages":true,"localToRemoteUrlAccessEnabled":false,"userAgent":"Mozilla/5.0 (Unknown; Linux x86_64) AppleWebKit/538.1 (KHTML, like Gecko) PhantomJS/2.1.1 Safari/538.1","webSecurityEnabled":true}
[INFO  - 2016-08-12T07:01:17.652Z] Session [90f1d5f0-605a-11e6-83f6-bb0055fa94be] - page.customHeaders:  - {}
[INFO  - 2016-08-12T07:01:17.652Z] Session [90f1d5f0-605a-11e6-83f6-bb0055fa94be] - Session.negotiatedCapabilities - {"browserName":"phantomjs","version":"2.1.1","driverName":"ghostdriver","driverVersion":"1.2.0","platform":"linux-unknown-64bit","javascriptEnabled":true,"takesScreenshot":true,"handlesAlerts":false,"databaseEnabled":false,"locationContextEnabled":false,"applicationCacheEnabled":false,"browserConnectionEnabled":false,"cssSelectorsEnabled":true,"webStorageEnabled":false,"rotatable":false,"acceptSslCerts":false,"nativeEvents":true,"proxy":{"proxyType":"direct"}}
[INFO  - 2016-08-12T07:01:17.652Z] SessionManagerReqHand - _postNewSessionCommand - New Session Created: 90f1d5f0-605a-11e6-83f6-bb0055fa94be
[ERROR - 2016-08-12T07:02:33.185Z] Session [90f1d5f0-605a-11e6-83f6-bb0055fa94be] - page.onError - msg: getPresentingPlayerType@https://s.ytimg.com/yts/jsbin/player-en_US-vflcnNYP4/base.js:7271:109
Tr@https://s.ytimg.com/yts/jsbin/player-en_US-vflcnNYP4/base.js:2166:78
s8@https://s.ytimg.com/yts/jsbin/player-en_US-vflcnNYP4/base.js:4272:81
Z8@https://s.ytimg.com/yts/jsbin/player-en_US-vflcnNYP4/base.js:4368:299
create@https://s.ytimg.com/yts/jsbin/player-en_US-vflcnNYP4/base.js:7261:739
https://s.ytimg.com/yts/jsbin/www-embed-player-vflxdi6rN/www-embed-player.js:489:276
[native code]
se@https://s.ytimg.com/yts/jsbin/www-embed-player-vflxdi6rN/www-embed-player.js:489:318
Qh@https://s.ytimg.com/yts/jsbin/www-embed-player-vflxdi6rN/www-embed-player.js:487:147
Ub@https://s.ytimg.com/yts/jsbin/www-embed-player-vflxdi6rN/www-embed-player.js:480:180
https://s.ytimg.com/yts/jsbin/www-embed-player-vflxdi6rN/www-embed-player.js:522:422

  phantomjs://platform/console++.js:263 in error
[ERROR - 2016-08-12T07:02:33.185Z] Session [90f1d5f0-605a-11e6-83f6-bb0055fa94be] - page.onError - stack:
  (anonymous function) (https://s.ytimg.com/yts/jsbin/player-en_US-vflcnNYP4/base.js:4009)
  (anonymous function) (:0)

  phantomjs://platform/console++.js:263 in error
[ERROR - 2016-08-12T07:02:38.695Z] Session [90f1d5f0-605a-11e6-83f6-bb0055fa94be] - page.onError - msg: getPresentingPlayerType@https://s.ytimg.com/yts/jsbin/player-en_US-vflcnNYP4/base.js:7271:109
Tr@https://s.ytimg.com/yts/jsbin/player-en_US-vflcnNYP4/base.js:2166:78
s8@https://s.ytimg.com/yts/jsbin/player-en_US-vflcnNYP4/base.js:4272:81
Z8@https://s.ytimg.com/yts/jsbin/player-en_US-vflcnNYP4/base.js:4368:299
create@https://s.ytimg.com/yts/jsbin/player-en_US-vflcnNYP4/base.js:7261:739
https://s.ytimg.com/yts/jsbin/www-embed-player-vflxdi6rN/www-embed-player.js:489:276
[native code]
se@https://s.ytimg.com/yts/jsbin/www-embed-player-vflxdi6rN/www-embed-player.js:489:318
Qh@https://s.ytimg.com/yts/jsbin/www-embed-player-vflxdi6rN/www-embed-player.js:487:147
Ub@https://s.ytimg.com/yts/jsbin/www-embed-player-vflxdi6rN/www-embed-player.js:480:180
https://s.ytimg.com/yts/jsbin/www-embed-player-vflxdi6rN/www-embed-player.js:522:422

  phantomjs://platform/console++.js:263 in error
[ERROR - 2016-08-12T07:02:38.696Z] Session [90f1d5f0-605a-11e6-83f6-bb0055fa94be] - page.onError - stack:
  (anonymous function) (https://s.ytimg.com/yts/jsbin/player-en_US-vflcnNYP4/base.js:4009)
  (anonymous function) (:0)

  phantomjs://platform/console++.js:263 in error
[ERROR - 2016-08-12T07:02:47.758Z] Session [90f1d5f0-605a-11e6-83f6-bb0055fa94be] - page.onError - msg: getPresentingPlayerType@https://s.ytimg.com/yts/jsbin/player-en_US-vflcnNYP4/base.js:7271:109
Tr@https://s.ytimg.com/yts/jsbin/player-en_US-vflcnNYP4/base.js:2166:78
s8@https://s.ytimg.com/yts/jsbin/player-en_US-vflcnNYP4/base.js:4272:81
Z8@https://s.ytimg.com/yts/jsbin/player-en_US-vflcnNYP4/base.js:4368:299
create@https://s.ytimg.com/yts/jsbin/player-en_US-vflcnNYP4/base.js:7261:739
https://s.ytimg.com/yts/jsbin/www-embed-player-vflxdi6rN/www-embed-player.js:489:276
[native code]
se@https://s.ytimg.com/yts/jsbin/www-embed-player-vflxdi6rN/www-embed-player.js:489:318
Qh@https://s.ytimg.com/yts/jsbin/www-embed-player-vflxdi6rN/www-embed-player.js:487:147
Ub@https://s.ytimg.com/yts/jsbin/www-embed-player-vflxdi6rN/www-embed-player.js:480:180
https://s.ytimg.com/yts/jsbin/www-embed-player-vflxdi6rN/www-embed-player.js:522:422

  phantomjs://platform/console++.js:263 in error
[ERROR - 2016-08-12T07:02:47.758Z] Session [90f1d5f0-605a-11e6-83f6-bb0055fa94be] - page.onError - stack:
  (anonymous function) (https://s.ytimg.com/yts/jsbin/player-en_US-vflcnNYP4/base.js:4009)
  (anonymous function) (:0)

  phantomjs://platform/console++.js:263 in error
[ERROR - 2016-08-12T07:02:55.907Z] Session [90f1d5f0-605a-11e6-83f6-bb0055fa94be] - page.onError - msg: getPresentingPlayerType@https://s.ytimg.com/yts/jsbin/player-en_US-vflcnNYP4/base.js:7271:109
Tr@https://s.ytimg.com/yts/jsbin/player-en_US-vflcnNYP4/base.js:2166:78
s8@https://s.ytimg.com/yts/jsbin/player-en_US-vflcnNYP4/base.js:4272:81
Z8@https://s.ytimg.com/yts/jsbin/player-en_US-vflcnNYP4/base.js:4368:299
create@https://s.ytimg.com/yts/jsbin/player-en_US-vflcnNYP4/base.js:7261:739
https://s.ytimg.com/yts/jsbin/www-embed-player-vflxdi6rN/www-embed-player.js:489:276
[native code]
se@https://s.ytimg.com/yts/jsbin/www-embed-player-vflxdi6rN/www-embed-player.js:489:318
Qh@https://s.ytimg.com/yts/jsbin/www-embed-player-vflxdi6rN/www-embed-player.js:487:147
Ub@https://s.ytimg.com/yts/jsbin/www-embed-player-vflxdi6rN/www-embed-player.js:480:180
https://s.ytimg.com/yts/jsbin/www-embed-player-vflxdi6rN/www-embed-player.js:522:422

  phantomjs://platform/console++.js:263 in error
[ERROR - 2016-08-12T07:02:55.907Z] Session [90f1d5f0-605a-11e6-83f6-bb0055fa94be] - page.onError - stack:
  (anonymous function) (https://s.ytimg.com/yts/jsbin/player-en_US-vflcnNYP4/base.js:4009)
  (anonymous function) (:0)

  phantomjs://platform/console++.js:263 in error
[ERROR - 2016-08-12T07:03:12.298Z] Session [90f1d5f0-605a-11e6-83f6-bb0055fa94be] - page.onError - msg: getPresentingPlayerType@https://s.ytimg.com/yts/jsbin/player-en_US-vflcnNYP4/base.js:7271:109
Tr@https://s.ytimg.com/yts/jsbin/player-en_US-vflcnNYP4/base.js:2166:78
s8@https://s.ytimg.com/yts/jsbin/player-en_US-vflcnNYP4/base.js:4272:81
Z8@https://s.ytimg.com/yts/jsbin/player-en_US-vflcnNYP4/base.js:4368:299
create@https://s.ytimg.com/yts/jsbin/player-en_US-vflcnNYP4/base.js:7261:739
https://s.ytimg.com/yts/jsbin/www-embed-player-vflxdi6rN/www-embed-player.js:489:276
[native code]
se@https://s.ytimg.com/yts/jsbin/www-embed-player-vflxdi6rN/www-embed-player.js:489:318
Qh@https://s.ytimg.com/yts/jsbin/www-embed-player-vflxdi6rN/www-embed-player.js:487:147
Ub@https://s.ytimg.com/yts/jsbin/www-embed-player-vflxdi6rN/www-embed-player.js:480:180
https://s.ytimg.com/yts/jsbin/www-embed-player-vflxdi6rN/www-embed-player.js:522:422

  phantomjs://platform/console++.js:263 in error
[ERROR - 2016-08-12T07:03:12.298Z] Session [90f1d5f0-605a-11e6-83f6-bb0055fa94be] - page.onError - stack:
  (anonymous function) (https://s.ytimg.com/yts/jsbin/player-en_US-vflcnNYP4/base.js:4009)
  (anonymous function) (:0)

  phantomjs://platform/console++.js:263 in error
[ERROR - 2016-08-12T07:03:35.853Z] Session [90f1d5f0-605a-11e6-83f6-bb0055fa94be] - page.onError - msg: getPresentingPlayerType@https://s.ytimg.com/yts/jsbin/player-en_US-vflcnNYP4/base.js:7271:109
Tr@https://s.ytimg.com/yts/jsbin/player-en_US-vflcnNYP4/base.js:2166:78
s8@https://s.ytimg.com/yts/jsbin/player-en_US-vflcnNYP4/base.js:4272:81
Z8@https://s.ytimg.com/yts/jsbin/player-en_US-vflcnNYP4/base.js:4368:299
create@https://s.ytimg.com/yts/jsbin/player-en_US-vflcnNYP4/base.js:7261:739
https://s.ytimg.com/yts/jsbin/www-embed-player-vflxdi6rN/www-embed-player.js:489:276
[native code]
se@https://s.ytimg.com/yts/jsbin/www-embed-player-vflxdi6rN/www-embed-player.js:489:318
Qh@https://s.ytimg.com/yts/jsbin/www-embed-player-vflxdi6rN/www-embed-player.js:487:147
Ub@https://s.ytimg.com/yts/jsbin/www-embed-player-vflxdi6rN/www-embed-player.js:480:180
https://s.ytimg.com/yts/jsbin/www-embed-player-vflxdi6rN/www-embed-player.js:522:422

  phantomjs://platform/console++.js:263 in error
[ERROR - 2016-08-12T07:03:35.853Z] Session [90f1d5f0-605a-11e6-83f6-bb0055fa94be] - page.onError - stack:
  (anonymous function) (https://s.ytimg.com/yts/jsbin/player-en_US-vflcnNYP4/base.js:4009)
  (anonymous function) (:0)

  phantomjs://platform/console++.js:263 in error
[ERROR - 2016-08-12T07:04:55.578Z] Session [90f1d5f0-605a-11e6-83f6-bb0055fa94be] - page.onError - msg: getPresentingPlayerType@https://s.ytimg.com/yts/jsbin/player-en_US-vflcnNYP4/base.js:7271:109
Tr@https://s.ytimg.com/yts/jsbin/player-en_US-vflcnNYP4/base.js:2166:78
s8@https://s.ytimg.com/yts/jsbin/player-en_US-vflcnNYP4/base.js:4272:81
Z8@https://s.ytimg.com/yts/jsbin/player-en_US-vflcnNYP4/base.js:4368:299
create@https://s.ytimg.com/yts/jsbin/player-en_US-vflcnNYP4/base.js:7261:739
https://s.ytimg.com/yts/jsbin/www-embed-player-vflxdi6rN/www-embed-player.js:489:276
[native code]
se@https://s.ytimg.com/yts/jsbin/www-embed-player-vflxdi6rN/www-embed-player.js:489:318
Qh@https://s.ytimg.com/yts/jsbin/www-embed-player-vflxdi6rN/www-embed-player.js:487:147
Ub@https://s.ytimg.com/yts/jsbin/www-embed-player-vflxdi6rN/www-embed-player.js:480:180
https://s.ytimg.com/yts/jsbin/www-embed-player-vflxdi6rN/www-embed-player.js:522:422

  phantomjs://platform/console++.js:263 in error
[ERROR - 2016-08-12T07:04:55.578Z] Session [90f1d5f0-605a-11e6-83f6-bb0055fa94be] - page.onError - stack:
  (anonymous function) (https://s.ytimg.com/yts/jsbin/player-en_US-vflcnNYP4/base.js:4009)
  (anonymous function) (:0)

  phantomjs://platform/console++.js:263 in error
[ERROR - 2016-08-12T07:05:48.872Z] Session [90f1d5f0-605a-11e6-83f6-bb0055fa94be] - page.onError - msg: getPresentingPlayerType@https://s.ytimg.com/yts/jsbin/player-en_US-vflcnNYP4/base.js:7271:109
Tr@https://s.ytimg.com/yts/jsbin/player-en_US-vflcnNYP4/base.js:2166:78
s8@https://s.ytimg.com/yts/jsbin/player-en_US-vflcnNYP4/base.js:4272:81
Z8@https://s.ytimg.com/yts/jsbin/player-en_US-vflcnNYP4/base.js:4368:299
create@https://s.ytimg.com/yts/jsbin/player-en_US-vflcnNYP4/base.js:7261:739
https://s.ytimg.com/yts/jsbin/www-embed-player-vflxdi6rN/www-embed-player.js:489:276
[native code]
se@https://s.ytimg.com/yts/jsbin/www-embed-player-vflxdi6rN/www-embed-player.js:489:318
Qh@https://s.ytimg.com/yts/jsbin/www-embed-player-vflxdi6rN/www-embed-player.js:487:147
Ub@https://s.ytimg.com/yts/jsbin/www-embed-player-vflxdi6rN/www-embed-player.js:480:180
https://s.ytimg.com/yts/jsbin/www-embed-player-vflxdi6rN/www-embed-player.js:522:422

  phantomjs://platform/console++.js:263 in error
[ERROR - 2016-08-12T07:05:48.872Z] Session [90f1d5f0-605a-11e6-83f6-bb0055fa94be] - page.onError - stack:
  (anonymous function) (https://s.ytimg.com/yts/jsbin/player-en_US-vflcnNYP4/base.js:4009)
  (anonymous function) (:0)

  phantomjs://platform/console++.js:263 in error
[INFO  - 2016-08-12T07:06:16.824Z] SessionManagerReqHand - _cleanupWindowlessSessions - Asynchronous Sessions clean-up phase starting NOW
[ERROR - 2016-08-12T07:08:52.753Z] WebElementLocator - _handleLocateCommand - Element(s) NOT Found: GAVE UP. Search Stop Time: 1470985732732

  phantomjs://platform/console++.js:263 in error
[ERROR - 2016-08-12T07:08:53.794Z] WebElementLocator - _handleLocateCommand - Element(s) NOT Found: GAVE UP. Search Stop Time: 1470985733779

  phantomjs://platform/console++.js:263 in error
[ERROR - 2016-08-12T07:08:54.905Z] WebElementLocator - _handleLocateCommand - Element(s) NOT Found: GAVE UP. Search Stop Time: 1470985734890

  phantomjs://platform/console++.js:263 in error
[ERROR - 2016-08-12T07:08:55.987Z] WebElementLocator - _handleLocateCommand - Element(s) NOT Found: GAVE UP. Search Stop Time: 1470985735957

  phantomjs://platform/console++.js:263 in error
[ERROR - 2016-08-12T07:08:57.126Z] WebElementLocator - _handleLocateCommand - Element(s) NOT Found: GAVE UP. Search Stop Time: 1470985737109

  phantomjs://platform/console++.js:263 in error
[INFO  - 2016-08-12T07:11:16.817Z] SessionManagerReqHand - _cleanupWindowlessSessions - Asynchronous Sessions clean-up phase starting NOW
